2025-09-24 15:23:56 - test - INFO - Test logging message
2025-10-16 08:05:50 - root - INFO - ================================================================================
2025-10-16 08:05:50 - root - INFO - QCEW EMPLOYMENT FORECASTING PIPELINE
2025-10-16 08:05:50 - root - INFO - ================================================================================
2025-10-16 08:05:50 - root - INFO - Base directory: C:\GitHub\is-160-project
2025-10-16 08:05:50 - root - INFO - Raw data: C:\GitHub\is-160-project\data\raw
2025-10-16 08:05:50 - root - INFO - Processed data: C:\GitHub\is-160-project\data\processed
2025-10-16 08:05:50 - root - INFO - Plots: C:\GitHub\is-160-project\data\processed\plots
2025-10-16 08:05:50 - root - INFO - 
Running stage: consolidate
2025-10-16 08:05:50 - root - INFO - 
================================================================================
2025-10-16 08:05:50 - root - INFO - STAGE 1: DATA CONSOLIDATION
2025-10-16 08:05:50 - root - INFO - ================================================================================
2025-10-16 08:05:50 - root - INFO - Found 6 raw CSV files:
2025-10-16 08:05:50 - root - INFO -   - qcew-2020-2022.csv (89.9 MB)
2025-10-16 08:05:50 - root - INFO -   - qcew-2023-2024.csv (66.3 MB)
2025-10-16 08:05:50 - root - INFO -   - qcew_2004-2007.csv (115.0 MB)
2025-10-16 08:05:50 - root - INFO -   - qcew_2008-2011.csv (116.7 MB)
2025-10-16 08:05:50 - root - INFO -   - qcew_2012-2015.csv (116.4 MB)
2025-10-16 08:05:50 - root - INFO -   - qcew_2016-2019.csv (118.0 MB)
2025-10-16 08:05:50 - root - INFO - 
Loading and combining all CSV files...
2025-10-16 08:05:50 - root - INFO - Reading qcew-2020-2022.csv...
2025-10-16 08:05:52 - root - INFO - Reading qcew-2023-2024.csv...
2025-10-16 08:05:53 - root - INFO - Reading qcew_2004-2007.csv...
2025-10-16 08:05:56 - root - INFO - Reading qcew_2008-2011.csv...
2025-10-16 08:05:58 - root - INFO - Reading qcew_2012-2015.csv...
2025-10-16 08:06:00 - root - INFO - Reading qcew_2016-2019.csv...
2025-10-16 08:06:02 - root - INFO - 
Combining all datasets...
2025-10-16 08:06:02 - root - INFO -   Total records: 5,430,384
2025-10-16 08:06:02 - root - INFO -   Columns: 16
2025-10-16 08:14:56 - pipeline_orchestrator - INFO - ================================================================================
2025-10-16 08:14:56 - pipeline_orchestrator - INFO - QCEW EMPLOYMENT FORECASTING PIPELINE
2025-10-16 08:14:56 - pipeline_orchestrator - INFO - ================================================================================
2025-10-16 08:14:56 - pipeline_orchestrator - INFO - Base directory: C:\GitHub\is-160-project
2025-10-16 08:14:56 - pipeline_orchestrator - INFO - Raw data: C:\GitHub\is-160-project\data\raw
2025-10-16 08:14:56 - pipeline_orchestrator - INFO - Processed data: C:\GitHub\is-160-project\data\processed
2025-10-16 08:14:56 - pipeline_orchestrator - INFO - Plots: C:\GitHub\is-160-project\data\processed\plots
2025-10-16 08:14:56 - pipeline_orchestrator - INFO - 
Running stage: consolidate
2025-10-16 08:14:56 - consolidation - INFO - 
================================================================================
2025-10-16 08:14:56 - consolidation - INFO - STAGE 1: DATA CONSOLIDATION
2025-10-16 08:14:56 - consolidation - INFO - ================================================================================
2025-10-16 08:14:56 - consolidation - INFO - Found 6 raw CSV files:
2025-10-16 08:14:56 - consolidation - INFO -   - qcew-2020-2022.csv (89.9 MB)
2025-10-16 08:14:56 - consolidation - INFO -   - qcew-2023-2024.csv (66.3 MB)
2025-10-16 08:14:56 - consolidation - INFO -   - qcew_2004-2007.csv (115.0 MB)
2025-10-16 08:14:56 - consolidation - INFO -   - qcew_2008-2011.csv (116.7 MB)
2025-10-16 08:14:56 - consolidation - INFO -   - qcew_2012-2015.csv (116.4 MB)
2025-10-16 08:14:56 - consolidation - INFO -   - qcew_2016-2019.csv (118.0 MB)
2025-10-16 08:14:56 - consolidation - INFO - 
Loading and combining all CSV files...
2025-10-16 08:14:56 - consolidation - INFO - Reading qcew-2020-2022.csv...
2025-10-16 08:14:59 - consolidation - INFO -   [OK] Loaded 798,464 rows
2025-10-16 08:14:59 - consolidation - INFO - Reading qcew-2023-2024.csv...
2025-10-16 08:15:00 - consolidation - INFO -   [OK] Loaded 585,454 rows
2025-10-16 08:15:00 - consolidation - INFO - Reading qcew_2004-2007.csv...
2025-10-16 08:15:04 - consolidation - INFO -   [OK] Loaded 1,033,078 rows
2025-10-16 08:15:04 - consolidation - INFO - Reading qcew_2008-2011.csv...
2025-10-16 08:15:07 - consolidation - INFO -   [OK] Loaded 1,003,975 rows
2025-10-16 08:15:07 - consolidation - INFO - Reading qcew_2012-2015.csv...
2025-10-16 08:15:10 - consolidation - INFO -   [OK] Loaded 999,458 rows
2025-10-16 08:15:10 - consolidation - INFO - Reading qcew_2016-2019.csv...
2025-10-16 08:15:13 - consolidation - INFO -   [OK] Loaded 1,009,955 rows
2025-10-16 08:15:13 - consolidation - INFO - 
Combining all datasets...
2025-10-16 08:15:13 - consolidation - INFO - 
[OK] Successfully consolidated 6 files
2025-10-16 08:15:13 - consolidation - INFO -   Total records: 5,430,384
2025-10-16 08:15:13 - consolidation - INFO -   Columns: 16
2025-10-16 08:15:13 - consolidation - INFO -   Date range: 2004-2024
2025-10-16 08:15:44 - pipeline_orchestrator - INFO - ================================================================================
2025-10-16 08:15:44 - pipeline_orchestrator - INFO - QCEW EMPLOYMENT FORECASTING PIPELINE
2025-10-16 08:15:44 - pipeline_orchestrator - INFO - ================================================================================
2025-10-16 08:15:44 - pipeline_orchestrator - INFO - Base directory: C:\GitHub\is-160-project
2025-10-16 08:15:44 - pipeline_orchestrator - INFO - Raw data: C:\GitHub\is-160-project\data\raw
2025-10-16 08:15:44 - pipeline_orchestrator - INFO - Processed data: C:\GitHub\is-160-project\data\processed
2025-10-16 08:15:44 - pipeline_orchestrator - INFO - Plots: C:\GitHub\is-160-project\data\processed\plots
2025-10-16 08:15:44 - pipeline_orchestrator - INFO - 
Running stage: consolidate
2025-10-16 08:15:44 - consolidation - INFO - 
================================================================================
2025-10-16 08:15:44 - consolidation - INFO - STAGE 1: DATA CONSOLIDATION
2025-10-16 08:15:44 - consolidation - INFO - ================================================================================
2025-10-16 08:15:44 - consolidation - INFO - Found 6 raw CSV files:
2025-10-16 08:15:44 - consolidation - INFO -   - qcew-2020-2022.csv (89.9 MB)
2025-10-16 08:15:44 - consolidation - INFO -   - qcew-2023-2024.csv (66.3 MB)
2025-10-16 08:15:44 - consolidation - INFO -   - qcew_2004-2007.csv (115.0 MB)
2025-10-16 08:15:44 - consolidation - INFO -   - qcew_2008-2011.csv (116.7 MB)
2025-10-16 08:15:44 - consolidation - INFO -   - qcew_2012-2015.csv (116.4 MB)
2025-10-16 08:15:44 - consolidation - INFO -   - qcew_2016-2019.csv (118.0 MB)
2025-10-16 08:15:44 - consolidation - INFO - 
Loading and combining all CSV files...
2025-10-16 08:15:44 - consolidation - INFO - Reading qcew-2020-2022.csv...
2025-10-16 08:15:46 - consolidation - INFO -   [OK] Loaded 798,464 rows
2025-10-16 08:15:46 - consolidation - INFO - Reading qcew-2023-2024.csv...
2025-10-16 08:15:48 - consolidation - INFO -   [OK] Loaded 585,454 rows
2025-10-16 08:15:48 - consolidation - INFO - Reading qcew_2004-2007.csv...
2025-10-16 08:15:51 - consolidation - INFO -   [OK] Loaded 1,033,078 rows
2025-10-16 08:15:51 - consolidation - INFO - Reading qcew_2008-2011.csv...
2025-10-16 08:15:54 - consolidation - INFO -   [OK] Loaded 1,003,975 rows
2025-10-16 08:15:54 - consolidation - INFO - Reading qcew_2012-2015.csv...
2025-10-16 08:15:57 - consolidation - INFO -   [OK] Loaded 999,458 rows
2025-10-16 08:15:57 - consolidation - INFO - Reading qcew_2016-2019.csv...
2025-10-16 08:15:59 - consolidation - INFO -   [OK] Loaded 1,009,955 rows
2025-10-16 08:15:59 - consolidation - INFO - 
Combining all datasets...
2025-10-16 08:16:00 - consolidation - INFO - 
[OK] Successfully consolidated 6 files
2025-10-16 08:16:00 - consolidation - INFO -   Total records: 5,430,384
2025-10-16 08:16:00 - consolidation - INFO -   Columns: 16
2025-10-16 08:16:00 - consolidation - INFO -   Date range: 2004-2024
2025-10-16 08:16:34 - pipeline_orchestrator - INFO - ================================================================================
2025-10-16 08:16:34 - pipeline_orchestrator - INFO - QCEW EMPLOYMENT FORECASTING PIPELINE
2025-10-16 08:16:34 - pipeline_orchestrator - INFO - ================================================================================
2025-10-16 08:16:34 - pipeline_orchestrator - INFO - Base directory: C:\GitHub\is-160-project
2025-10-16 08:16:34 - pipeline_orchestrator - INFO - Raw data: C:\GitHub\is-160-project\data\raw
2025-10-16 08:16:34 - pipeline_orchestrator - INFO - Processed data: C:\GitHub\is-160-project\data\processed
2025-10-16 08:16:34 - pipeline_orchestrator - INFO - Plots: C:\GitHub\is-160-project\data\processed\plots
2025-10-16 08:16:34 - pipeline_orchestrator - INFO - 
Running stage: consolidate
2025-10-16 08:16:34 - consolidation - INFO - 
================================================================================
2025-10-16 08:16:34 - consolidation - INFO - STAGE 1: DATA CONSOLIDATION
2025-10-16 08:16:34 - consolidation - INFO - ================================================================================
2025-10-16 08:16:34 - consolidation - INFO - Found 6 raw CSV files:
2025-10-16 08:16:34 - consolidation - INFO -   - qcew-2020-2022.csv (89.9 MB)
2025-10-16 08:16:34 - consolidation - INFO -   - qcew-2023-2024.csv (66.3 MB)
2025-10-16 08:16:34 - consolidation - INFO -   - qcew_2004-2007.csv (115.0 MB)
2025-10-16 08:16:34 - consolidation - INFO -   - qcew_2008-2011.csv (116.7 MB)
2025-10-16 08:16:34 - consolidation - INFO -   - qcew_2012-2015.csv (116.4 MB)
2025-10-16 08:16:34 - consolidation - INFO -   - qcew_2016-2019.csv (118.0 MB)
2025-10-16 08:16:34 - consolidation - INFO - 
Loading and combining all CSV files...
2025-10-16 08:16:34 - consolidation - INFO - Reading qcew-2020-2022.csv...
2025-10-16 08:16:36 - consolidation - INFO -   [OK] Loaded 798,464 rows
2025-10-16 08:16:36 - consolidation - INFO - Reading qcew-2023-2024.csv...
2025-10-16 08:16:37 - consolidation - INFO -   [OK] Loaded 585,454 rows
2025-10-16 08:16:37 - consolidation - INFO - Reading qcew_2004-2007.csv...
2025-10-16 08:16:40 - consolidation - INFO -   [OK] Loaded 1,033,078 rows
2025-10-16 08:16:40 - consolidation - INFO - Reading qcew_2008-2011.csv...
2025-10-16 08:16:42 - consolidation - INFO -   [OK] Loaded 1,003,975 rows
2025-10-16 08:16:42 - consolidation - INFO - Reading qcew_2012-2015.csv...
2025-10-16 08:16:44 - consolidation - INFO -   [OK] Loaded 999,458 rows
2025-10-16 08:16:44 - consolidation - INFO - Reading qcew_2016-2019.csv...
2025-10-16 08:16:46 - consolidation - INFO -   [OK] Loaded 1,009,955 rows
2025-10-16 08:16:46 - consolidation - INFO - 
Combining all datasets...
2025-10-16 08:16:46 - consolidation - INFO - 
[OK] Successfully consolidated 6 files
2025-10-16 08:16:46 - consolidation - INFO -   Total records: 5,430,384
2025-10-16 08:16:46 - consolidation - INFO -   Columns: 16
2025-10-16 08:16:46 - consolidation - INFO -   Date range: 2004-2024
2025-10-16 08:17:29 - pipeline_orchestrator - INFO - ================================================================================
2025-10-16 08:17:29 - pipeline_orchestrator - INFO - QCEW EMPLOYMENT FORECASTING PIPELINE
2025-10-16 08:17:29 - pipeline_orchestrator - INFO - ================================================================================
2025-10-16 08:17:29 - pipeline_orchestrator - INFO - Base directory: C:\GitHub\is-160-project
2025-10-16 08:17:29 - pipeline_orchestrator - INFO - Raw data: C:\GitHub\is-160-project\data\raw
2025-10-16 08:17:29 - pipeline_orchestrator - INFO - Processed data: C:\GitHub\is-160-project\data\processed
2025-10-16 08:17:29 - pipeline_orchestrator - INFO - Plots: C:\GitHub\is-160-project\data\processed\plots
2025-10-16 08:17:29 - pipeline_orchestrator - INFO - 
Running stage: consolidate
2025-10-16 08:17:29 - consolidation - INFO - 
================================================================================
2025-10-16 08:17:29 - consolidation - INFO - STAGE 1: DATA CONSOLIDATION
2025-10-16 08:17:29 - consolidation - INFO - ================================================================================
2025-10-16 08:17:29 - consolidation - INFO - Found 6 raw CSV files:
2025-10-16 08:17:29 - consolidation - INFO -   - qcew-2020-2022.csv (89.9 MB)
2025-10-16 08:17:29 - consolidation - INFO -   - qcew-2023-2024.csv (66.3 MB)
2025-10-16 08:17:29 - consolidation - INFO -   - qcew_2004-2007.csv (115.0 MB)
2025-10-16 08:17:29 - consolidation - INFO -   - qcew_2008-2011.csv (116.7 MB)
2025-10-16 08:17:29 - consolidation - INFO -   - qcew_2012-2015.csv (116.4 MB)
2025-10-16 08:17:29 - consolidation - INFO -   - qcew_2016-2019.csv (118.0 MB)
2025-10-16 08:17:29 - consolidation - INFO - 
Loading and combining all CSV files...
2025-10-16 08:17:29 - consolidation - INFO - Reading qcew-2020-2022.csv...
2025-10-16 08:17:31 - consolidation - INFO -   [OK] Loaded 798,464 rows
2025-10-16 08:17:31 - consolidation - INFO - Reading qcew-2023-2024.csv...
2025-10-16 08:17:32 - consolidation - INFO -   [OK] Loaded 585,454 rows
2025-10-16 08:17:32 - consolidation - INFO - Reading qcew_2004-2007.csv...
2025-10-16 08:17:35 - consolidation - INFO -   [OK] Loaded 1,033,078 rows
2025-10-16 08:17:35 - consolidation - INFO - Reading qcew_2008-2011.csv...
2025-10-16 08:17:36 - consolidation - INFO -   [OK] Loaded 1,003,975 rows
2025-10-16 08:17:36 - consolidation - INFO - Reading qcew_2012-2015.csv...
2025-10-16 08:17:38 - consolidation - INFO -   [OK] Loaded 999,458 rows
2025-10-16 08:17:38 - consolidation - INFO - Reading qcew_2016-2019.csv...
2025-10-16 08:17:40 - consolidation - INFO -   [OK] Loaded 1,009,955 rows
2025-10-16 08:17:40 - consolidation - INFO - 
Combining all datasets...
2025-10-16 08:17:40 - consolidation - INFO - 
[OK] Successfully consolidated 6 files
2025-10-16 08:17:40 - consolidation - INFO -   Total records: 5,430,384
2025-10-16 08:17:40 - consolidation - INFO -   Columns: 16
2025-10-16 08:17:40 - consolidation - INFO -   Date range: 2004-2024
2025-10-16 08:18:14 - pipeline_orchestrator - INFO - ================================================================================
2025-10-16 08:18:14 - pipeline_orchestrator - INFO - QCEW EMPLOYMENT FORECASTING PIPELINE
2025-10-16 08:18:14 - pipeline_orchestrator - INFO - ================================================================================
2025-10-16 08:18:14 - pipeline_orchestrator - INFO - Base directory: C:\GitHub\is-160-project
2025-10-16 08:18:14 - pipeline_orchestrator - INFO - Raw data: C:\GitHub\is-160-project\data\raw
2025-10-16 08:18:14 - pipeline_orchestrator - INFO - Processed data: C:\GitHub\is-160-project\data\processed
2025-10-16 08:18:14 - pipeline_orchestrator - INFO - Plots: C:\GitHub\is-160-project\data\processed\plots
2025-10-16 08:18:14 - pipeline_orchestrator - INFO - 
Running stage: consolidate
2025-10-16 08:18:14 - consolidation - INFO - 
================================================================================
2025-10-16 08:18:14 - consolidation - INFO - STAGE 1: DATA CONSOLIDATION
2025-10-16 08:18:14 - consolidation - INFO - ================================================================================
2025-10-16 08:18:14 - consolidation - INFO - Found 6 raw CSV files:
2025-10-16 08:18:14 - consolidation - INFO -   - qcew-2020-2022.csv (89.9 MB)
2025-10-16 08:18:14 - consolidation - INFO -   - qcew-2023-2024.csv (66.3 MB)
2025-10-16 08:18:14 - consolidation - INFO -   - qcew_2004-2007.csv (115.0 MB)
2025-10-16 08:18:14 - consolidation - INFO -   - qcew_2008-2011.csv (116.7 MB)
2025-10-16 08:18:14 - consolidation - INFO -   - qcew_2012-2015.csv (116.4 MB)
2025-10-16 08:18:14 - consolidation - INFO -   - qcew_2016-2019.csv (118.0 MB)
2025-10-16 08:18:14 - consolidation - INFO - 
Loading and combining all CSV files...
2025-10-16 08:18:14 - consolidation - INFO - Reading qcew-2020-2022.csv...
2025-10-16 08:18:16 - consolidation - INFO -   [OK] Loaded 798,464 rows
2025-10-16 08:18:16 - consolidation - INFO - Reading qcew-2023-2024.csv...
2025-10-16 08:18:17 - consolidation - INFO -   [OK] Loaded 585,454 rows
2025-10-16 08:18:17 - consolidation - INFO - Reading qcew_2004-2007.csv...
2025-10-16 08:18:19 - consolidation - INFO -   [OK] Loaded 1,033,078 rows
2025-10-16 08:18:19 - consolidation - INFO - Reading qcew_2008-2011.csv...
2025-10-16 08:18:21 - consolidation - INFO -   [OK] Loaded 1,003,975 rows
2025-10-16 08:18:21 - consolidation - INFO - Reading qcew_2012-2015.csv...
2025-10-16 08:18:23 - consolidation - INFO -   [OK] Loaded 999,458 rows
2025-10-16 08:18:23 - consolidation - INFO - Reading qcew_2016-2019.csv...
2025-10-16 08:18:25 - consolidation - INFO -   [OK] Loaded 1,009,955 rows
2025-10-16 08:18:25 - consolidation - INFO - 
Combining all datasets...
2025-10-16 08:18:25 - consolidation - INFO - 
[OK] Successfully consolidated 6 files
2025-10-16 08:18:25 - consolidation - INFO -   Total records: 5,430,384
2025-10-16 08:18:25 - consolidation - INFO -   Columns: 16
2025-10-16 08:18:25 - consolidation - INFO -   Date range: 2004-2024
2025-10-16 08:18:33 - consolidation - INFO -   Memory usage: 2437.7 MB
2025-10-16 08:18:33 - consolidation - INFO - 
Saving consolidated dataset to: C:\GitHub\is-160-project\data\processed\qcew_master_consolidated.csv
2025-10-16 08:19:26 - consolidation - INFO - [OK] Consolidated dataset saved successfully
2025-10-16 08:19:26 - consolidation - INFO - 
[WARNING] VERIFICATION: Ensuring raw data files remain unmodified...
2025-10-16 08:19:26 - consolidation - INFO -   [OK] qcew-2020-2022.csv - unchanged
2025-10-16 08:19:26 - consolidation - INFO -   [OK] qcew-2023-2024.csv - unchanged
2025-10-16 08:19:26 - consolidation - INFO -   [OK] qcew_2004-2007.csv - unchanged
2025-10-16 08:19:26 - consolidation - INFO -   [OK] qcew_2008-2011.csv - unchanged
2025-10-16 08:19:26 - consolidation - INFO -   [OK] qcew_2012-2015.csv - unchanged
2025-10-16 08:19:26 - consolidation - INFO -   [OK] qcew_2016-2019.csv - unchanged
2025-10-16 08:22:41 - pipeline_orchestrator - INFO - ================================================================================
2025-10-16 08:22:41 - pipeline_orchestrator - INFO - QCEW EMPLOYMENT FORECASTING PIPELINE
2025-10-16 08:22:41 - pipeline_orchestrator - INFO - ================================================================================
2025-10-16 08:22:41 - pipeline_orchestrator - INFO - Base directory: C:\GitHub\is-160-project
2025-10-16 08:22:41 - pipeline_orchestrator - INFO - Raw data: C:\GitHub\is-160-project\data\raw
2025-10-16 08:22:41 - pipeline_orchestrator - INFO - Processed data: C:\GitHub\is-160-project\data\processed
2025-10-16 08:22:41 - pipeline_orchestrator - INFO - Plots: C:\GitHub\is-160-project\data\processed\plots
2025-10-16 08:24:42 - pipeline_orchestrator - INFO - ================================================================================
2025-10-16 08:24:42 - pipeline_orchestrator - INFO - QCEW EMPLOYMENT FORECASTING PIPELINE
2025-10-16 08:24:42 - pipeline_orchestrator - INFO - ================================================================================
2025-10-16 08:24:42 - pipeline_orchestrator - INFO - Base directory: C:\GitHub\is-160-project
2025-10-16 08:24:42 - pipeline_orchestrator - INFO - Raw data: C:\GitHub\is-160-project\data\raw
2025-10-16 08:24:42 - pipeline_orchestrator - INFO - Processed data: C:\GitHub\is-160-project\data\processed
2025-10-16 08:24:42 - pipeline_orchestrator - INFO - Plots: C:\GitHub\is-160-project\data\processed\plots
2025-10-16 08:24:42 - pipeline_orchestrator - INFO - 
Running stage: explore
2025-10-16 08:26:38 - pipeline_orchestrator - INFO - ================================================================================
2025-10-16 08:26:38 - pipeline_orchestrator - INFO - QCEW EMPLOYMENT FORECASTING PIPELINE
2025-10-16 08:26:38 - pipeline_orchestrator - INFO - ================================================================================
2025-10-16 08:26:38 - pipeline_orchestrator - INFO - Base directory: C:\GitHub\is-160-project
2025-10-16 08:26:38 - pipeline_orchestrator - INFO - Raw data: C:\GitHub\is-160-project\data\raw
2025-10-16 08:26:38 - pipeline_orchestrator - INFO - Processed data: C:\GitHub\is-160-project\data\processed
2025-10-16 08:26:38 - pipeline_orchestrator - INFO - Plots: C:\GitHub\is-160-project\data\processed\plots
2025-10-16 08:26:38 - pipeline_orchestrator - INFO - 
Running stage: explore
2025-10-16 08:27:07 - pipeline_orchestrator - INFO - 
================================================================================
2025-10-16 08:27:07 - pipeline_orchestrator - INFO - STAGE 2: DATA EXPLORATION
2025-10-16 08:27:07 - pipeline_orchestrator - INFO - ================================================================================
2025-10-16 08:27:07 - exploration - INFO - 
Performing exploratory data analysis...
2025-10-16 08:27:09 - exploration - INFO - 
Dataset Shape: 5,430,384 rows x 16 columns
2025-10-16 08:27:09 - exploration - INFO - Date Range: 2004 - 2024
2025-10-16 08:27:09 - exploration - INFO - 
Employment Statistics:
2025-10-16 08:27:09 - exploration - INFO -   avg_monthly_emplvl:
2025-10-16 08:27:09 - exploration - INFO -     Mean: 32,605
2025-10-16 08:27:09 - exploration - INFO -     Median: 278
2025-10-16 08:27:09 - exploration - INFO -     Min: 0
2025-10-16 08:27:09 - exploration - INFO -     Max: 156,276,764
2025-10-16 08:27:09 - exploration - INFO -   month1_emplvl:
2025-10-16 08:27:09 - exploration - INFO -     Mean: 25,950
2025-10-16 08:27:09 - exploration - INFO -     Median: 137
2025-10-16 08:27:09 - exploration - INFO -     Min: 0
2025-10-16 08:27:09 - exploration - INFO -     Max: 156,042,582
2025-10-16 08:27:09 - exploration - INFO -   month2_emplvl:
2025-10-16 08:27:09 - exploration - INFO -     Mean: 26,097
2025-10-16 08:27:09 - exploration - INFO -     Median: 137
2025-10-16 08:27:09 - exploration - INFO -     Min: 0
2025-10-16 08:27:09 - exploration - INFO -     Max: 156,584,838
2025-10-16 08:27:09 - exploration - INFO - 
Wage Statistics:
2025-10-16 08:27:10 - exploration - INFO -   total_qtrly_wages:
2025-10-16 08:27:10 - exploration - INFO -     Mean: $730,128,622.54
2025-10-16 08:27:10 - exploration - INFO -     Median: $4,250,230.50
2025-10-16 08:27:10 - exploration - INFO -   avg_wkly_wage:
2025-10-16 08:27:10 - exploration - INFO -     Mean: $1,035.44
2025-10-16 08:27:10 - exploration - INFO -     Median: $893.00
2025-10-16 08:27:10 - exploration - INFO - 
Generating visualizations in C:\GitHub\is-160-project\data\processed\plots...
2025-10-16 08:27:10 - exploration - INFO -   - Creating employment trends plot...
2025-10-16 08:27:16 - exploration - INFO -   - Creating quarterly distribution plot...
2025-10-16 08:27:17 - exploration - INFO -   - Creating wage trends plot...
2025-10-16 08:27:18 - exploration - INFO -   - Creating top industries plot...
2025-10-16 08:27:19 - exploration - INFO -   [OK] All plots saved to C:\GitHub\is-160-project\data\processed\plots
